proguard/seeds.txt
com.lvdora.aqi.R$anim: int fade_in
com.lvdora.aqi.R$anim: int fade_out
com.lvdora.aqi.R$anim: int push_left_in
com.lvdora.aqi.R$anim: int push_left_out
com.lvdora.aqi.R$anim: int push_right_in
com.lvdora.aqi.R$anim: int push_right_out
com.lvdora.aqi.R$anim: int push_top_in
com.lvdora.aqi.R$anim: int push_top_out
com.lvdora.aqi.R$anim: int push_up_in
com.lvdora.aqi.R$anim: int push_up_out
com.lvdora.aqi.R$anim: int silde_from_left_out
com.lvdora.aqi.R$anim: int silde_from_right_out
com.lvdora.aqi.R$anim: int slide_from_left_in
com.lvdora.aqi.R$anim: int slide_from_right_in
com.lvdora.aqi.R$anim: int update_rotate
com.lvdora.aqi.R$color: int black
com.lvdora.aqi.R$color: int blue
com.lvdora.aqi.R$color: int color_2
com.lvdora.aqi.R$color: int da
com.lvdora.aqi.R$color: int dark_blue
com.lvdora.aqi.R$color: int graph_fill
com.lvdora.aqi.R$color: int graph_separate
com.lvdora.aqi.R$color: int graph_text
com.lvdora.aqi.R$color: int gray
com.lvdora.aqi.R$color: int green
com.lvdora.aqi.R$color: int hered
com.lvdora.aqi.R$color: int liang
com.lvdora.aqi.R$color: int location
com.lvdora.aqi.R$color: int orange
com.lvdora.aqi.R$color: int pollutants_bg
com.lvdora.aqi.R$color: int purple
com.lvdora.aqi.R$color: int qingdu
com.lvdora.aqi.R$color: int red
com.lvdora.aqi.R$color: int settings_others_bg
com.lvdora.aqi.R$color: int translucent
com.lvdora.aqi.R$color: int transparentblack
com.lvdora.aqi.R$color: int white
com.lvdora.aqi.R$color: int yanzhong
com.lvdora.aqi.R$color: int yellow
com.lvdora.aqi.R$color: int you
com.lvdora.aqi.R$color: int zhongdu
com.lvdora.aqi.R$dimen: int activity_horizontal_margin
com.lvdora.aqi.R$dimen: int activity_vertical_margin
com.lvdora.aqi.R$dimen: int bottom_tab_font_size
com.lvdora.aqi.R$dimen: int form_item_text_size
com.lvdora.aqi.R$dimen: int picSize
com.lvdora.aqi.R$dimen: int pollutants_index_textsize
com.lvdora.aqi.R$dimen: int text_size_vlarge
com.lvdora.aqi.R$dimen: int title_text_size
com.lvdora.aqi.R$drawable: int add_city
com.lvdora.aqi.R$drawable: int add_city_press
com.lvdora.aqi.R$drawable: int app_icon
com.lvdora.aqi.R$drawable: int app_tips_1
com.lvdora.aqi.R$drawable: int app_tips_2
com.lvdora.aqi.R$drawable: int app_tips_3
com.lvdora.aqi.R$drawable: int app_tips_4
com.lvdora.aqi.R$drawable: int app_tips_point_choose
com.lvdora.aqi.R$drawable: int app_tips_point_normal
com.lvdora.aqi.R$drawable: int aqi_index_shape_green
com.lvdora.aqi.R$drawable: int aqi_index_shape_hered
com.lvdora.aqi.R$drawable: int aqi_index_shape_orange
com.lvdora.aqi.R$drawable: int aqi_index_shape_purple
com.lvdora.aqi.R$drawable: int aqi_index_shape_red
com.lvdora.aqi.R$drawable: int aqi_index_shape_yellow
com.lvdora.aqi.R$drawable: int bar_30
com.lvdora.aqi.R$drawable: int bar_50
com.lvdora.aqi.R$drawable: int bg0_fine_day
com.lvdora.aqi.R$drawable: int bg0_fine_day1
com.lvdora.aqi.R$drawable: int bg_button
com.lvdora.aqi.R$drawable: int bg_button_pressed
com.lvdora.aqi.R$drawable: int bitmap_book_read_chapterlist_repeat
com.lvdora.aqi.R$drawable: int bitmap_page_category_bg
com.lvdora.aqi.R$drawable: int bj
com.lvdora.aqi.R$drawable: int btn_browser
com.lvdora.aqi.R$drawable: int btn_browser2
com.lvdora.aqi.R$drawable: int btn_radio_on
com.lvdora.aqi.R$drawable: int btn_style_normal
com.lvdora.aqi.R$drawable: int btn_style_pressed
com.lvdora.aqi.R$drawable: int card_lable_blue_bg
com.lvdora.aqi.R$drawable: int card_lable_edit_bg
...
com.baidu.mapapi.map.MyLocationOverlay$LocationMode: com.baidu.mapapi.map.MyLocationOverlay$LocationMode[] values()
com.baidu.mapapi.map.MyLocationOverlay$LocationMode: com.baidu.mapapi.map.MyLocationOverlay$LocationMode valueOf(java.lang.String)
com.baidu.mapapi.panorama.PanoramaView
com.baidu.mapapi.panorama.PanoramaView: PanoramaView(android.content.Context,android.util.AttributeSet)
com.baidu.mapapi.panorama.PanoramaView: void setPanoramaViewListener(com.baidu.mapapi.panorama.PanoramaViewListener)
com.baidu.mapapi.panorama.PanoramaView: void setPanorama(com.baidu.mapapi.panorama.Panorama)
com.baidu.mapapi.panorama.PanoramaView: com.baidu.mapapi.panorama.Panorama getPanorama()
com.baidu.mapapi.panorama.PanoramaView: void setCamera(com.baidu.mapapi.panorama.PanoramaViewCamera)
com.baidu.mapapi.panorama.PanoramaView: com.baidu.mapapi.panorama.PanoramaViewCamera getCamera()
com.baidu.mapapi.panorama.PanoramaView: void setShowLink(boolean)
com.baidu.mapapi.panorama.PanoramaView: void setZoomGestureEnabled(boolean)
com.baidu.mapapi.panorama.PanoramaView: void setNavigateGestureEnabled(boolean)
com.baidu.mapapi.panorama.PanoramaView: void setRotateGestureEnabled(boolean)
com.baidu.mapapi.panorama.PanoramaView: boolean getZoomGestureEnabled()
com.baidu.mapapi.panorama.PanoramaView: boolean getNavigateGestureEnabled()
com.baidu.mapapi.panorama.PanoramaView: boolean getRotateGestureEnabled()
com.baidu.mapapi.panorama.PanoramaView: boolean getShowLink()
com.baidu.mapapi.panorama.PanoramaView: java.util.List getOverlays()
com.baidu.mapapi.search.PlaceCaterActivity
com.baidu.platform.comapi.map.a.c
com.baidu.platform.comapi.map.a.c: c(android.content.Context,android.util.AttributeSet)
com.baidu.platform.comapi.map.base.MapRenderer
com.baidu.platform.comapi.map.base.MapRenderer: void nativeInit(int)
com.baidu.platform.comapi.map.base.MapRenderer: void nativeResize(int,int,int)
com.baidu.platform.comapi.map.base.MapRenderer: int nativeRender(int)
com.baidu.platform.comapi.map.base.a
com.baidu.platform.comapi.map.base.a: a(android.content.Context,android.util.AttributeSet)
com.baidu.platform.comapi.map.base.a: java.util.List getOverlays()
com.baidu.platform.comapi.map.base.e$a: com.baidu.platform.comapi.map.base.e$a[] values()
com.baidu.platform.comapi.map.base.e$a: com.baidu.platform.comapi.map.base.e$a valueOf(java.lang.String)
com.baidu.platform.comapi.map.base.n$a: com.baidu.platform.comapi.map.base.n$a[] values()
com.baidu.platform.comapi.map.base.n$a: com.baidu.platform.comapi.map.base.n$a valueOf(java.lang.String)
com.baidu.platform.comjni.base.location.JNILocation
com.baidu.platform.comjni.base.location.JNILocation: int Create()
com.baidu.platform.comjni.base.location.JNILocation: boolean CoordinateEncryptEx(int,float,float,android.os.Bundle,java.lang.String)
com.baidu.platform.comjni.base.networkdetect.JNINetworkDetect
com.baidu.platform.comjni.base.networkdetect.JNINetworkDetect: int Create()
com.baidu.platform.comjni.base.networkdetect.JNINetworkDetect: boolean NetworkDetect(int)
com.baidu.platform.comjni.base.userdatacollect.JNIUserdataCollect
com.baidu.platform.comjni.base.userdatacollect.JNIUserdataCollect: int Create()
com.baidu.platform.comjni.base.userdatacollect.JNIUserdataCollect: int Release(int)
com.baidu.platform.comjni.base.userdatacollect.JNIUserdataCollect: boolean CreateUDC(int,java.lang.String,android.os.Bundle)
com.baidu.platform.comjni.base.userdatacollect.JNIUserdataCollect: void AppendRecord(int,java.lang.String,java.lang.String)
com.baidu.platform.comjni.base.userdatacollect.JNIUserdataCollect: void Save(int)