proguard/mapping.txt
com.lvdora.aqi.adapter.CitySelectorAdapter -> com.lvdora.aqi.a.a:
    android.content.Context context -> a
    java.util.List provinces -> b
    void registerDataSetObserver(android.database.DataSetObserver) -> registerDataSetObserver
    void unregisterDataSetObserver(android.database.DataSetObserver) -> unregisterDataSetObserver
    int getGroupCount() -> getGroupCount
    int getChildrenCount(int) -> getChildrenCount
    java.lang.Object getGroup(int) -> getGroup
    java.lang.Object getChild(int,int) -> getChild
    long getGroupId(int) -> getGroupId
    long getChildId(int,int) -> getChildId
    boolean hasStableIds() -> hasStableIds
    android.view.View getGroupView(int,boolean,android.view.View,android.view.ViewGroup) -> getGroupView
    android.view.View getChildView(int,int,boolean,android.view.View,android.view.ViewGroup) -> getChildView
    boolean isChildSelectable(int,int) -> isChildSelectable
    boolean areAllItemsEnabled() -> areAllItemsEnabled
    boolean isEmpty() -> isEmpty
    void onGroupExpanded(int) -> onGroupExpanded
    void onGroupCollapsed(int) -> onGroupCollapsed
    long getCombinedChildId(long,long) -> getCombinedChildId
    long getCombinedGroupId(long) -> getCombinedGroupId
com.lvdora.aqi.adapter.CitySettingAdaper -> com.lvdora.aqi.a.b:
    java.util.ArrayList citys -> a
    java.util.List cityAqis -> b
    android.content.Context context -> c
    int flag -> d
    android.content.SharedPreferences sp -> e
    com.lvdora.aqi.dao.CityAqiDao cityAqiDao -> f
    int getCount() -> getCount
    java.lang.Object getItem(int) -> getItem
    long getItemId(int) -> getItemId
    android.view.View getView(int,android.view.View,android.view.ViewGroup) -> getView
    void showWeather(android.view.View,int) -> a
    void deleteCity(android.view.View,int) -> b
    void setFlag(int) -> a
    java.util.ArrayList access$0(com.lvdora.aqi.adapter.CitySettingAdaper) -> a
    java.util.List access$1(com.lvdora.aqi.adapter.CitySettingAdaper) -> b
    android.content.Context access$2(com.lvdora.aqi.adapter.CitySettingAdaper) -> c
    com.lvdora.aqi.dao.CityAqiDao access$3(com.lvdora.aqi.adapter.CitySettingAdaper) -> d
    android.content.SharedPreferences access$4(com.lvdora.aqi.adapter.CitySettingAdaper) -> e
com.lvdora.aqi.adapter.CitySettingAdaper$1 -> com.lvdora.aqi.a.c:
    com.lvdora.aqi.adapter.CitySettingAdaper this$0 -> a
    com.lvdora.aqi.model.City val$curCity -> b
    com.lvdora.aqi.model.CityAqi val$curCityAqi -> c
    int val$position -> d
    void onClick(android.view.View) -> onClick
com.lvdora.aqi.adapter.ExAdapter -> com.lvdora.aqi.a.d:
    android.app.Activity activity -> a
    java.util.List groupList -> b
    java.util.Map childMap -> c
    android.view.View getGroupView(int,boolean,android.view.View,android.view.ViewGroup) -> getGroupView
    android.view.View getChildView(int,int,boolean,android.view.View,android.view.ViewGroup) -> getChildView
    java.lang.String getGroup(int) -> a
    long getGroupId(int) -> getGroupId
    int getGroupCount() -> getGroupCount
    com.lvdora.aqi.model.Device getChild(int,int) -> a
    long getChildId(int,int) -> getChildId
    int getChildrenCount(int) -> getChildrenCount
    boolean isChildSelectable(int,int) -> isChildSelectable
    boolean hasStableIds() -> hasStableIds
    java.lang.Object getChild(int,int) -> getChild
    java.lang.Object getGroup(int) -> getGroup
com.lvdora.aqi.adapter.RankAdapter -> com.lvdora.aqi.a.e:
    java.util.List ranks -> a
    android.content.Context context -> b
    android.view.LayoutInflater mInflater -> c
    android.content.SharedPreferences sp -> d
    java.lang.String cityName -> e
    int getCount() -> getCount
    java.lang.Object getItem(int) -> getItem
    long getItemId(int) -> getItemId
    android.view.View getView(int,android.view.View,android.view.ViewGroup) -> getView
...
com.baidu.b.a.l -> com.baidu.b.a.f:
    android.os.Handler a -> a
    java.lang.Object b -> b
    boolean c -> c
    boolean d -> d
    void run() -> run
com.baidu.location.BDErrorReport -> com.baidu.location.a:
    void onReportResult(boolean) -> a
com.baidu.location.BDLocation -> com.baidu.location.BDLocation:
    int kE -> a
    java.lang.String kI -> b
    double kq -> c
    double kF -> d
    boolean ks -> e
    double kw -> f
    boolean kt -> g
    float kH -> h
    boolean kz -> i
    float kC -> j
    boolean kG -> k
    int kp -> l
    float kv -> m
    java.lang.String kJ -> n
    boolean kD -> o
    java.lang.String ko -> p
    boolean kx -> q
    com.baidu.location.BDLocation$a ky -> r
    java.lang.String kr -> s
    int kB -> t
    java.lang.String kA -> u
    int kK -> v
    java.lang.String ku -> w
    android.os.Parcelable$Creator CREATOR -> CREATOR
    void if(java.lang.Boolean) -> a
    java.lang.String getTime() -> a
    void setTime(java.lang.String) -> a
    double getLatitude() -> b
    void setLatitude(double) -> a
    double getLongitude() -> c
    void setLongitude(double) -> b
    void setAltitude(double) -> c
    void setSpeed(float) -> a
    float getRadius() -> d
    void setRadius(float) -> b
    void setAddrStr(java.lang.String) -> b
    void setLocType(int) -> a
    int getLocType() -> e
    void setSatelliteNumber(int) -> b
    void setDirection(float) -> c
    boolean hasAddr() -> f
    com.baidu.location.BDLocation$a c7() -> g
    void if(com.baidu.location.BDLocation$a) -> a
    java.lang.String getAddrStr() -> h
    java.lang.String getCity() -> i
    int c5() -> j
    void i(int) -> c
    java.lang.String getNetworkLocationType() -> k
com.baidu.location.BDLocation$1 -> com.baidu.location.b:
    com.baidu.location.BDLocation a(android.os.Parcel) -> a
    com.baidu.location.BDLocation[] a(int) -> a
    java.lang.Object[] newArray(int) -> newArray
    java.lang.Object createFromParcel(android.os.Parcel) -> createFromParcel
com.baidu.location.BDLocation$a -> com.baidu.location.c:
    java.lang.String if -> a
    java.lang.String new -> b
    java.lang.String int -> c
    java.lang.String byte -> d
    java.lang.String do -> e
    java.lang.String for -> f
    java.lang.String try -> g
    com.baidu.location.BDLocation a -> h
com.baidu.location.BDLocationListener -> com.baidu.location.d:
    void onReceiveLocation(com.baidu.location.BDLocation) -> a
com.baidu.location.BDNotifyListener -> com.baidu.location.e:
    double mLatitude -> a
    double mLongitude -> b
    float mRadius -> c
    float differDistance -> d
    java.lang.String mCoorType -> e
    double mLatitudeC -> f
    double mLongitudeC -> g
    int Notified -> h
    boolean isAdded -> i
    com.baidu.location.ab mNotifyCache -> j
    void onNotify(com.baidu.location.BDLocation,float) -> a
com.baidu.location.GeofenceClient -> com.baidu.location.g:
    long bq -> b
    long e() -> a
com.baidu.location.GeofenceClient$OnAddBDGeofencesResultListener -> com.baidu.location.h:
    void onAddBDGeofencesResult(int,java.lang.String) -> a
com.baidu.location.GeofenceClient$OnRemoveBDGeofencesResultListener -> com.baidu.location.i:
    void onRemoveBDGeofencesByRequestIdsResult(int,java.lang.String[]) -> a
com.baidu.location.Jni -> com.baidu.location.Jni:
    int fz -> b
    int fx -> c
    int fy -> d
    int fu -> e
    int fv -> f
    int fs -> g
    int fr -> h
    int ft -> i
    boolean fw -> j
    java.lang.String a(byte[],int) -> a
    java.lang.String sky() -> sky
    java.lang.String b(double,double,int,int) -> b
    java.lang.String c(byte[],int) -> c
    java.lang.String k(java.lang.String) -> a
    java.lang.String aZ() -> a
    java.lang.String n(java.lang.String) -> b
    java.lang.String l(java.lang.String) -> c
    double[] if(double,double,java.lang.String) -> a