proguard/usage.txt
com.lvdora.aqi.BuildConfig
com.lvdora.aqi.R
com.lvdora.aqi.R$anim
com.lvdora.aqi.R$attr
com.lvdora.aqi.R$color
com.lvdora.aqi.R$dimen
com.lvdora.aqi.R$drawable
com.lvdora.aqi.R$id
com.lvdora.aqi.R$layout
com.lvdora.aqi.R$string
com.lvdora.aqi.R$style
com.lvdora.aqi.adapter.CitySettingAdaper:
    183:184:public void setCitys(java.util.ArrayList)
com.lvdora.aqi.adapter.DeviceAdapter
com.lvdora.aqi.adapter.DeviceAdapter$ViewHolder
com.lvdora.aqi.adapter.ExAdapter:
    158:158:private void findView()
com.lvdora.aqi.adapter.ExAdapter$ViewHolder
com.lvdora.aqi.baidu.BMapUtil:
    6:6:public BMapUtil()
com.lvdora.aqi.dao.CityAqiDao:
    public static final java.lang.String TB_NAME
    53:53:public int length()
    63:67:public int length(java.lang.String)
    192:254:public com.lvdora.aqi.model.CityAqi selectAqiByOrder(int)
    381:386:public int selectMaxNum()
com.lvdora.aqi.dao.CityDao:
    private static final java.lang.String DB_PATH
    197:197:public android.content.Context getContext()
com.lvdora.aqi.dao.DeviceDao:
    public static final java.lang.String TB_NAME
    47:49:public void closeAll()
    57:57:public int length()
    67:71:public int length(java.lang.String)
    142:147:public android.database.Cursor selectByCity(java.lang.String)
    168:169:public void updateOrderByOrder(int,int)
com.lvdora.aqi.db.DBManager:
    public static final java.lang.String DB_NAME
    public static final java.lang.String PACKAGE_NAME
    70:71:public void closeDatabase()
com.lvdora.aqi.graph.StudyGraphView:
    public static final float TOTAL_Y_DP
    public static final float COORDINATE_MARGIN_TOP_DP
    public static final float COORDINATE_MARGIN_BOTTOM_DP
    public static final int SHOW_NUM
com.lvdora.aqi.graph.StudyGraphView1:
    public static final float TOTAL_Y_DP
    public static final float COORDINATE_MARGIN_TOP_DP
    public static final float COORDINATE_MARGIN_BOTTOM_DP
    public static final int SHOW_NUM
com.lvdora.aqi.graph.Utils:
    5:5:public Utils()
    11:12:public static int px2dip(android.content.Context,float)
com.lvdora.aqi.model.City:
    private static final long serialVersionUID
    46:46:public int getProvinceId()
com.lvdora.aqi.model.CityAqi:
    public static final java.lang.String ORDER
    public static final java.lang.String CITYNAME
    public static final java.lang.String CITYID
    public static final java.lang.String AQI
    public static final java.lang.String PM25
    public static final java.lang.String PM25_AQI
    public static final java.lang.String PM10
    public static final java.lang.String PM10_AQI
    public static final java.lang.String SO2
    public static final java.lang.String SO2_AQI
    public static final java.lang.String NO2
    public static final java.lang.String NO2_AQI
    public static final java.lang.String CO
    public static final java.lang.String CO_AQI
    public static final java.lang.String O3
    public static final java.lang.String O3_AQI
    public static final java.lang.String AQI_PUBTIME
    public static final java.lang.String USA_AQI
    public static final java.lang.String USA_PM25
    public static final java.lang.String US_PUBTIME
    public static final java.lang.String TEMP_NOW
    public static final java.lang.String WIND
    public static final java.lang.String WEATHER0
    public static final java.lang.String WEATHER_ICON0
    public static final java.lang.String WEATHER0_PUBTIME
    public static final java.lang.String HIGHTTEMP0
    public static final java.lang.String LOWTEMP0
    public static final java.lang.String WINDFORCE0
    public static final java.lang.String WEATHER1
com.lvdora.aqi.model.CityRank:
    48:48:public java.lang.String getAqi()
...
android.support.v4.content.ModernAsyncTask$InternalHandler
android.support.v4.content.ModernAsyncTask$Status
android.support.v4.content.ModernAsyncTask$WorkerRunnable
android.support.v4.content.WakefulBroadcastReceiver:
    private static final java.lang.String EXTRA_WAKE_LOCK_ID
    81:101:public static android.content.ComponentName startWakefulService(android.content.Context,android.content.Intent)
    113:132:public static boolean completeWakefulIntent(android.content.Intent)
android.support.v4.content.pm.ActivityInfoCompat
android.support.v4.database.DatabaseUtilsCompat
android.support.v4.graphics.drawable.DrawableCompat
android.support.v4.graphics.drawable.DrawableCompat$BaseDrawableImpl
android.support.v4.graphics.drawable.DrawableCompat$DrawableImpl
android.support.v4.graphics.drawable.DrawableCompat$HoneycombDrawableImpl
android.support.v4.graphics.drawable.DrawableCompat$KitKatDrawableImpl
android.support.v4.graphics.drawable.DrawableCompatHoneycomb
android.support.v4.graphics.drawable.DrawableCompatKitKat
android.support.v4.hardware.display.DisplayManagerCompat
android.support.v4.hardware.display.DisplayManagerCompat$JellybeanMr1Impl
android.support.v4.hardware.display.DisplayManagerCompat$LegacyImpl
android.support.v4.hardware.display.DisplayManagerJellybeanMr1
android.support.v4.internal.view.SupportMenu
android.support.v4.internal.view.SupportMenuItem
android.support.v4.internal.view.SupportSubMenu
android.support.v4.media.TransportController
android.support.v4.media.TransportMediator
android.support.v4.media.TransportMediator$1
android.support.v4.media.TransportMediator$2
android.support.v4.media.TransportMediatorCallback
android.support.v4.media.TransportMediatorJellybeanMR2
android.support.v4.media.TransportMediatorJellybeanMR2$1
android.support.v4.media.TransportMediatorJellybeanMR2$2
android.support.v4.media.TransportMediatorJellybeanMR2$3
android.support.v4.media.TransportMediatorJellybeanMR2$4
android.support.v4.media.TransportPerformer
android.support.v4.media.TransportStateListener
android.support.v4.net.ConnectivityManagerCompat
android.support.v4.net.ConnectivityManagerCompat$BaseConnectivityManagerCompatImpl
android.support.v4.net.ConnectivityManagerCompat$ConnectivityManagerCompatImpl
android.support.v4.net.ConnectivityManagerCompat$GingerbreadConnectivityManagerCompatImpl
android.support.v4.net.ConnectivityManagerCompat$HoneycombMR2ConnectivityManagerCompatImpl
android.support.v4.net.ConnectivityManagerCompat$JellyBeanConnectivityManagerCompatImpl
android.support.v4.net.ConnectivityManagerCompatGingerbread
android.support.v4.net.ConnectivityManagerCompatHoneycombMR2
android.support.v4.net.ConnectivityManagerCompatJellyBean
android.support.v4.net.TrafficStatsCompat
android.support.v4.net.TrafficStatsCompat$1
android.support.v4.net.TrafficStatsCompat$BaseTrafficStatsCompatImpl
android.support.v4.net.TrafficStatsCompat$BaseTrafficStatsCompatImpl$1
android.support.v4.net.TrafficStatsCompat$BaseTrafficStatsCompatImpl$SocketTags
android.support.v4.net.TrafficStatsCompat$IcsTrafficStatsCompatImpl
android.support.v4.net.TrafficStatsCompat$TrafficStatsCompatImpl
android.support.v4.net.TrafficStatsCompatIcs
android.support.v4.os.EnvironmentCompat
android.support.v4.os.EnvironmentCompatKitKat
android.support.v4.os.ParcelableCompat:
    26:42:public ParcelableCompat()
android.support.v4.os.ParcelableCompatCreatorHoneycombMR2Stub:
    22:22:ParcelableCompatCreatorHoneycombMR2Stub()
android.support.v4.print.PrintHelper
android.support.v4.print.PrintHelper$1
android.support.v4.print.PrintHelper$PrintHelperKitkatImpl
android.support.v4.print.PrintHelper$PrintHelperStubImpl
android.support.v4.print.PrintHelper$PrintHelperVersionImpl
android.support.v4.print.PrintHelperKitkat
android.support.v4.print.PrintHelperKitkat$1
android.support.v4.print.PrintHelperKitkat$2
android.support.v4.print.PrintHelperKitkat$2$1
android.support.v4.print.PrintHelperKitkat$2$1$1
android.support.v4.text.BidiFormatter